<?xml version="1.0" encoding="UTF-8"?>
<!-- Generated by org.testng.reporters.JUnitXMLReporter -->
<testsuite hostname="Olenas-MacBook-Pro.local" ignored="0" name="Command line test" tests="6" failures="3" timestamp="2023-02-07T10:25:29 CST" time="22.737" errors="0">
  <testcase name="@BeforeMethod setPage" time="2.016" classname="scripts.CarvanaSearchCarsTest">
    <failure type="java.lang.NullPointerException">
      <![CDATA[java.lang.NullPointerException
at scripts.CarvanaSearchCarsTest.setPage(CarvanaSearchCarsTest.java:20)
at java.util.ArrayList.forEach(ArrayList.java:1259)
... Removed 41 stack frames]]>
    </failure>
  </testcase> <!-- @BeforeMethod setPage -->
  <testcase name="@AfterMethod teardown" time="-1.67578711385E9" classname="scripts.CarvanaBase">
    <skipped/>
  </testcase> <!-- @AfterMethod teardown -->
  <testcase name="@BeforeMethod setUp" time="-1.675787113861E9" classname="scripts.CarvanaBase">
    <skipped/>
  </testcase> <!-- @BeforeMethod setUp -->
  <testcase name="@BeforeMethod setPage" time="-1.675787113863E9" classname="scripts.CarvanaSearchCarsTest">
    <skipped/>
  </testcase> <!-- @BeforeMethod setPage -->
  <testcase name="@AfterMethod teardown" time="-1.675787113864E9" classname="scripts.CarvanaBase">
    <skipped/>
  </testcase> <!-- @AfterMethod teardown -->
  <testcase name="validateSearchOptionsAndSearchButton" time="0.0" classname="scripts.CarvanaSearchCarsTest">
    <skipped/>
  </testcase> <!-- validateSearchOptionsAndSearchButton -->
  <testcase name="validateSearchResultTiles" time="0.0" classname="scripts.CarvanaSearchCarsTest">
    <skipped/>
  </testcase> <!-- validateSearchResultTiles -->
  <testcase name="validateTitleAndUrl" time="0.029" classname="scripts.CarvanaTest"/>
  <testcase name="validateCarvanaLogo" time="2.002" classname="scripts.CarvanaTest">
    <failure type="java.lang.NullPointerException">
      <![CDATA[java.lang.NullPointerException
at scripts.CarvanaTest.validateCarvanaLogo(CarvanaTest.java:37)
at java.util.ArrayList.forEach(ArrayList.java:1259)
... Removed 37 stack frames]]>
    </failure>
  </testcase> <!-- validateCarvanaLogo -->
  <testcase name="validateMainNavigation" time="0.003" classname="scripts.CarvanaTest">
    <failure type="java.lang.NullPointerException">
      <![CDATA[java.lang.NullPointerException
at scripts.CarvanaTest.validateMainNavigation(CarvanaTest.java:56)
at java.util.ArrayList.forEach(ArrayList.java:1259)
... Removed 37 stack frames]]>
    </failure>
  </testcase> <!-- validateMainNavigation -->
  <testcase name="validateSignInErrorMessage" time="0.001" classname="scripts.CarvanaTest">
    <failure type="java.lang.NullPointerException">
      <![CDATA[java.lang.NullPointerException
at scripts.CarvanaTest.validateSignInErrorMessage(CarvanaTest.java:78)
at java.util.ArrayList.forEach(ArrayList.java:1259)
... Removed 37 stack frames]]>
    </failure>
  </testcase> <!-- validateSignInErrorMessage -->
</testsuite> <!-- Command line test -->
