<?xml version="1.0" encoding="UTF-8" ?>
<testsuite tests="11" failures="4" name="TestSuite" time="9.417" errors="0" skipped="6">
  <properties>
[...]
</properties>
  <testcase classname="scripts.CarvanaSearchCarsTest" name="setPage" time="7.312">
    <failure type="java.lang.NullPointerException">java.lang.NullPointerException
	at scripts.CarvanaSearchCarsTest.setPage(CarvanaSearchCarsTest.java:20)
</failure>
    <system-out>Configuring TestNG with: org.apache.maven.surefire.testng.conf.TestNG652Configurator@17ed40e0
</system-out>
    <system-err>SLF4J: Failed to load class &quot;org.slf4j.impl.StaticLoggerBinder&quot;.
SLF4J: Defaulting to no-operation (NOP) logger implementation
SLF4J: See http://www.slf4j.org/codes.html#StaticLoggerBinder for further details.
Feb 07, 2023 10:25:08 AM org.openqa.selenium.remote.ProtocolHandshake createSession
INFO: Detected dialect: W3C
</system-err>
  </testcase>
  <testcase classname="scripts.CarvanaSearchCarsTest" name="validateSearchOptionsAndSearchButton" time="0">
    <skipped/>
  </testcase>
  <testcase classname="scripts.CarvanaSearchCarsTest" name="teardown" time="0.003">
    <skipped/>
  </testcase>
  <testcase classname="scripts.CarvanaSearchCarsTest" name="setUp" time="0.014">
    <skipped/>
  </testcase>
  <testcase classname="scripts.CarvanaSearchCarsTest" name="setPage" time="0.014">
    <skipped/>
  </testcase>
  <testcase classname="scripts.CarvanaSearchCarsTest" name="validateSearchResultTiles" time="0">
    <skipped/>
  </testcase>
  <testcase classname="scripts.CarvanaSearchCarsTest" name="teardown" time="0">
    <skipped/>
  </testcase>
  <testcase classname="scripts.CarvanaTest" name="validateTitleAndUrl" time="0.038"/>
  <testcase classname="scripts.CarvanaTest" name="validateCarvanaLogo" time="2.022">
    <failure type="java.lang.NullPointerException">java.lang.NullPointerException
	at scripts.CarvanaTest.validateCarvanaLogo(CarvanaTest.java:37)
</failure>
    <system-err>Feb 07, 2023 10:25:16 AM org.openqa.selenium.remote.ProtocolHandshake createSession
INFO: Detected dialect: W3C
</system-err>
  </testcase>
  <testcase classname="scripts.CarvanaTest" name="validateMainNavigation" time="0.011">
    <failure type="java.lang.NullPointerException">java.lang.NullPointerException
	at scripts.CarvanaTest.validateMainNavigation(CarvanaTest.java:56)
</failure>
    <system-err>Feb 07, 2023 10:25:22 AM org.openqa.selenium.remote.ProtocolHandshake createSession
INFO: Detected dialect: W3C
</system-err>
  </testcase>
  <testcase classname="scripts.CarvanaTest" name="validateSignInErrorMessage" time="0.003">
    <failure type="java.lang.NullPointerException">java.lang.NullPointerException
	at scripts.CarvanaTest.validateSignInErrorMessage(CarvanaTest.java:78)
</failure>
    <system-err>Feb 07, 2023 10:25:26 AM org.openqa.selenium.remote.ProtocolHandshake createSession
INFO: Detected dialect: W3C
</system-err>
  </testcase>
</testsuite>